<?xml version="1.0" encoding="UTF-8"?>
<!-- Generated by org.testng.reporters.JUnitReportReporter -->
<testsuite hostname="W-3QF9WP3" failures="0" tests="1" name="sele.com.Login_TestNg" time="49.023" errors="0" timestamp="2025-07-25T17:24:53 IST" skipped="0">
  <testcase classname="sele.com.Login_TestNg" name="LoginTestNG" time="49.023"/>
  <system-out/>
</testsuite> <!-- sele.com.Login_TestNg -->
