<?xml version="1.0" encoding="UTF-8"?>
<!-- Generated by org.testng.reporters.JUnitReportReporter -->
<testsuite hostname="W-3QF9WP3" failures="0" tests="3" name="sele.com.CrossBrowsingTest" time="108.081" errors="0" timestamp="2025-08-21T20:30:59 IST" skipped="0">
  <testcase classname="sele.com.CrossBrowsingTest" name="loginTest" time="37.207"/>
  <system-out/>
  <testcase classname="sele.com.CrossBrowsingTest" name="loginTest" time="31.862"/>
  <system-out/>
  <testcase classname="sele.com.CrossBrowsingTest" name="loginTest" time="39.012"/>
  <system-out/>
</testsuite> <!-- sele.com.CrossBrowsingTest -->
